<?xml version="1.0" encoding="UTF-8"?>
<!-- Generated by org.testng.reporters.JUnitReportReporter -->
<testsuite skipped="0" hostname="DESKTOP-6L8BFLV" name="tests.ResultsTestWithData" tests="3" failures="0" timestamp="21 апр 2020 18:20:12 GMT" time="67.220" errors="0">
  <testcase name="checkValueVirtualMachineClass" time="66.826" classname="tests.ResultsTestWithData"/>
  <testcase name="checkValueLocalSSD" time="0.115" classname="tests.ResultsTestWithData"/>
  <testcase name="checkValueRegion" time="0.279" classname="tests.ResultsTestWithData"/>
</testsuite> <!-- tests.ResultsTestWithData -->
